2021-10-31 16:09:37,941 DEBUG scheduler Queued events for site dcode.com
2021-10-31 16:10:38,148 DEBUG scheduler Queued events for site dcode.com
2021-10-31 16:11:38,352 DEBUG scheduler Queued events for site dcode.com
2021-10-31 16:12:38,565 INFO scheduler Scheduled Job Start: erpnext.crm.doctype.social_media_post.social_media_post.process_scheduled_social_media_posts for dcode.com
2021-10-31 16:12:38,602 DEBUG scheduler Queued events for site dcode.com
2021-10-31 16:12:38,763 INFO scheduler Scheduled Job Complete: erpnext.crm.doctype.social_media_post.social_media_post.process_scheduled_social_media_posts for dcode.com
2021-10-31 16:12:38,837 INFO scheduler Scheduled Job Start: erpnext.hr.doctype.interview.interview.send_interview_reminder for dcode.com
2021-10-31 16:12:39,039 INFO scheduler Scheduled Job Complete: erpnext.hr.doctype.interview.interview.send_interview_reminder for dcode.com
2021-10-31 16:12:39,113 INFO scheduler Scheduled Job Start: erpnext.healthcare.doctype.patient_appointment.patient_appointment.send_appointment_reminder for dcode.com
2021-10-31 16:12:39,299 INFO scheduler Scheduled Job Complete: erpnext.healthcare.doctype.patient_appointment.patient_appointment.send_appointment_reminder for dcode.com
2021-10-31 16:12:39,371 INFO scheduler Scheduled Job Start: erpnext.projects.doctype.project.project.project_status_update_reminder for dcode.com
2021-10-31 16:12:39,628 INFO scheduler Scheduled Job Complete: erpnext.projects.doctype.project.project.project_status_update_reminder for dcode.com
2021-10-31 16:12:39,700 INFO scheduler Scheduled Job Start: frappe.monitor.flush for dcode.com
2021-10-31 16:12:39,871 INFO scheduler Scheduled Job Complete: frappe.monitor.flush for dcode.com
2021-10-31 16:12:39,943 INFO scheduler Scheduled Job Start: frappe.utils.global_search.sync_global_search for dcode.com
2021-10-31 16:12:40,105 INFO scheduler Scheduled Job Complete: frappe.utils.global_search.sync_global_search for dcode.com
2021-10-31 16:12:40,183 INFO scheduler Scheduled Job Start: frappe.integrations.doctype.razorpay_settings.razorpay_settings.capture_payment for dcode.com
2021-10-31 16:12:40,493 INFO scheduler Scheduled Job Complete: frappe.integrations.doctype.razorpay_settings.razorpay_settings.capture_payment for dcode.com
2021-10-31 16:12:40,571 INFO scheduler Scheduled Job Start: frappe.email.doctype.email_account.email_account.notify_unreplied for dcode.com
2021-10-31 16:12:40,798 INFO scheduler Scheduled Job Complete: frappe.email.doctype.email_account.email_account.notify_unreplied for dcode.com
2021-10-31 16:12:40,872 INFO scheduler Scheduled Job Start: frappe.email.doctype.email_account.email_account.pull for dcode.com
2021-10-31 16:12:41,096 INFO scheduler Scheduled Job Complete: frappe.email.doctype.email_account.email_account.pull for dcode.com
2021-10-31 16:12:41,182 INFO scheduler Scheduled Job Start: frappe.email.queue.flush for dcode.com
2021-10-31 16:12:41,373 INFO scheduler Scheduled Job Complete: frappe.email.queue.flush for dcode.com
2021-10-31 16:13:38,834 DEBUG scheduler Queued events for site dcode.com
2021-10-31 16:14:39,064 DEBUG scheduler Queued events for site dcode.com
2021-10-31 16:15:39,277 DEBUG scheduler Queued events for site dcode.com
2021-10-31 16:15:39,336 INFO scheduler Scheduled Job Start: frappe.twofactor.delete_all_barcodes_for_users for dcode.com
2021-10-31 16:15:39,580 INFO scheduler Scheduled Job Complete: frappe.twofactor.delete_all_barcodes_for_users for dcode.com
2021-10-31 16:15:39,657 INFO scheduler Scheduled Job Start: frappe.website.doctype.web_page.web_page.check_publish_status for dcode.com
2021-10-31 16:15:39,956 INFO scheduler Scheduled Job Complete: frappe.website.doctype.web_page.web_page.check_publish_status for dcode.com
2021-10-31 16:15:40,033 INFO scheduler Scheduled Job Start: frappe.oauth.delete_oauth2_data for dcode.com
2021-10-31 16:15:40,326 INFO scheduler Scheduled Job Complete: frappe.oauth.delete_oauth2_data for dcode.com
2021-10-31 16:16:39,522 INFO scheduler Scheduled Job Start: erpnext.crm.doctype.social_media_post.social_media_post.process_scheduled_social_media_posts for dcode.com
2021-10-31 16:16:39,574 DEBUG scheduler Queued events for site dcode.com
2021-10-31 16:16:39,716 INFO scheduler Scheduled Job Complete: erpnext.crm.doctype.social_media_post.social_media_post.process_scheduled_social_media_posts for dcode.com
2021-10-31 16:16:39,790 INFO scheduler Scheduled Job Start: erpnext.hr.doctype.interview.interview.send_interview_reminder for dcode.com
2021-10-31 16:16:40,005 INFO scheduler Scheduled Job Complete: erpnext.hr.doctype.interview.interview.send_interview_reminder for dcode.com
2021-10-31 16:16:40,091 INFO scheduler Scheduled Job Start: erpnext.healthcare.doctype.patient_appointment.patient_appointment.send_appointment_reminder for dcode.com
2021-10-31 16:16:40,284 INFO scheduler Scheduled Job Complete: erpnext.healthcare.doctype.patient_appointment.patient_appointment.send_appointment_reminder for dcode.com
2021-10-31 16:16:40,365 INFO scheduler Scheduled Job Start: erpnext.projects.doctype.project.project.project_status_update_reminder for dcode.com
2021-10-31 16:16:40,622 INFO scheduler Scheduled Job Complete: erpnext.projects.doctype.project.project.project_status_update_reminder for dcode.com
2021-10-31 16:16:40,700 INFO scheduler Scheduled Job Start: frappe.monitor.flush for dcode.com
2021-10-31 16:16:40,868 INFO scheduler Scheduled Job Complete: frappe.monitor.flush for dcode.com
2021-10-31 16:16:40,943 INFO scheduler Scheduled Job Start: frappe.utils.global_search.sync_global_search for dcode.com
2021-10-31 16:16:41,130 INFO scheduler Scheduled Job Complete: frappe.utils.global_search.sync_global_search for dcode.com
2021-10-31 16:16:41,209 INFO scheduler Scheduled Job Start: frappe.integrations.doctype.razorpay_settings.razorpay_settings.capture_payment for dcode.com
2021-10-31 16:16:41,510 INFO scheduler Scheduled Job Complete: frappe.integrations.doctype.razorpay_settings.razorpay_settings.capture_payment for dcode.com
2021-10-31 16:16:41,585 INFO scheduler Scheduled Job Start: frappe.email.doctype.email_account.email_account.notify_unreplied for dcode.com
2021-10-31 16:16:41,811 INFO scheduler Scheduled Job Complete: frappe.email.doctype.email_account.email_account.notify_unreplied for dcode.com
2021-10-31 16:16:41,889 INFO scheduler Scheduled Job Start: frappe.email.doctype.email_account.email_account.pull for dcode.com
2021-10-31 16:16:42,122 INFO scheduler Scheduled Job Complete: frappe.email.doctype.email_account.email_account.pull for dcode.com
2021-10-31 16:16:42,196 INFO scheduler Scheduled Job Start: frappe.email.queue.flush for dcode.com
2021-10-31 16:16:42,380 INFO scheduler Scheduled Job Complete: frappe.email.queue.flush for dcode.com
2021-10-31 16:17:39,791 DEBUG scheduler Queued events for site dcode.com
2021-10-31 16:18:40,012 DEBUG scheduler Queued events for site dcode.com
2021-10-31 16:19:40,221 DEBUG scheduler Queued events for site dcode.com
2021-10-31 16:20:40,441 INFO scheduler Scheduled Job Start: erpnext.crm.doctype.social_media_post.social_media_post.process_scheduled_social_media_posts for dcode.com
2021-10-31 16:20:40,480 DEBUG scheduler Queued events for site dcode.com
2021-10-31 16:20:40,634 INFO scheduler Scheduled Job Complete: erpnext.crm.doctype.social_media_post.social_media_post.process_scheduled_social_media_posts for dcode.com
2021-10-31 16:20:40,704 INFO scheduler Scheduled Job Start: erpnext.hr.doctype.interview.interview.send_interview_reminder for dcode.com
2021-10-31 16:20:40,925 INFO scheduler Scheduled Job Complete: erpnext.hr.doctype.interview.interview.send_interview_reminder for dcode.com
2021-10-31 16:20:41,008 INFO scheduler Scheduled Job Start: erpnext.healthcare.doctype.patient_appointment.patient_appointment.send_appointment_reminder for dcode.com
2021-10-31 16:20:41,188 INFO scheduler Scheduled Job Complete: erpnext.healthcare.doctype.patient_appointment.patient_appointment.send_appointment_reminder for dcode.com
2021-10-31 16:20:41,268 INFO scheduler Scheduled Job Start: erpnext.projects.doctype.project.project.project_status_update_reminder for dcode.com
2021-10-31 16:20:41,526 INFO scheduler Scheduled Job Complete: erpnext.projects.doctype.project.project.project_status_update_reminder for dcode.com
2021-10-31 16:20:41,600 INFO scheduler Scheduled Job Start: frappe.monitor.flush for dcode.com
2021-10-31 16:20:41,767 INFO scheduler Scheduled Job Complete: frappe.monitor.flush for dcode.com
2021-10-31 16:20:41,842 INFO scheduler Scheduled Job Start: frappe.utils.global_search.sync_global_search for dcode.com
2021-10-31 16:20:42,008 INFO scheduler Scheduled Job Complete: frappe.utils.global_search.sync_global_search for dcode.com
2021-10-31 16:20:42,081 INFO scheduler Scheduled Job Start: frappe.integrations.doctype.razorpay_settings.razorpay_settings.capture_payment for dcode.com
2021-10-31 16:20:42,367 INFO scheduler Scheduled Job Complete: frappe.integrations.doctype.razorpay_settings.razorpay_settings.capture_payment for dcode.com
2021-10-31 16:20:42,449 INFO scheduler Scheduled Job Start: frappe.email.doctype.email_account.email_account.notify_unreplied for dcode.com
2021-10-31 16:20:42,664 INFO scheduler Scheduled Job Complete: frappe.email.doctype.email_account.email_account.notify_unreplied for dcode.com
2021-10-31 16:20:42,738 INFO scheduler Scheduled Job Start: frappe.email.doctype.email_account.email_account.pull for dcode.com
2021-10-31 16:20:42,968 INFO scheduler Scheduled Job Complete: frappe.email.doctype.email_account.email_account.pull for dcode.com
2021-10-31 16:20:43,044 INFO scheduler Scheduled Job Start: frappe.email.queue.flush for dcode.com
2021-10-31 16:20:43,222 INFO scheduler Scheduled Job Complete: frappe.email.queue.flush for dcode.com
2021-10-31 16:21:40,696 DEBUG scheduler Queued events for site dcode.com
2021-10-31 16:22:40,912 DEBUG scheduler Queued events for site dcode.com
2021-10-31 16:23:41,120 DEBUG scheduler Queued events for site dcode.com
2021-10-31 16:24:41,335 INFO scheduler Scheduled Job Start: erpnext.crm.doctype.social_media_post.social_media_post.process_scheduled_social_media_posts for dcode.com
2021-10-31 16:24:41,370 DEBUG scheduler Queued events for site dcode.com
2021-10-31 16:24:41,524 INFO scheduler Scheduled Job Complete: erpnext.crm.doctype.social_media_post.social_media_post.process_scheduled_social_media_posts for dcode.com
2021-10-31 16:24:41,607 INFO scheduler Scheduled Job Start: erpnext.hr.doctype.interview.interview.send_interview_reminder for dcode.com
2021-10-31 16:24:41,805 INFO scheduler Scheduled Job Complete: erpnext.hr.doctype.interview.interview.send_interview_reminder for dcode.com
2021-10-31 16:24:41,882 INFO scheduler Scheduled Job Start: erpnext.healthcare.doctype.patient_appointment.patient_appointment.send_appointment_reminder for dcode.com
2021-10-31 16:24:42,064 INFO scheduler Scheduled Job Complete: erpnext.healthcare.doctype.patient_appointment.patient_appointment.send_appointment_reminder for dcode.com
2021-10-31 16:24:42,137 INFO scheduler Scheduled Job Start: erpnext.projects.doctype.project.project.project_status_update_reminder for dcode.com
2021-10-31 16:24:42,388 INFO scheduler Scheduled Job Complete: erpnext.projects.doctype.project.project.project_status_update_reminder for dcode.com
2021-10-31 16:24:42,460 INFO scheduler Scheduled Job Start: frappe.monitor.flush for dcode.com
2021-10-31 16:24:42,625 INFO scheduler Scheduled Job Complete: frappe.monitor.flush for dcode.com
2021-10-31 16:24:42,700 INFO scheduler Scheduled Job Start: frappe.utils.global_search.sync_global_search for dcode.com
2021-10-31 16:24:42,866 INFO scheduler Scheduled Job Complete: frappe.utils.global_search.sync_global_search for dcode.com
2021-10-31 16:24:42,937 INFO scheduler Scheduled Job Start: frappe.integrations.doctype.razorpay_settings.razorpay_settings.capture_payment for dcode.com
2021-10-31 16:24:43,223 INFO scheduler Scheduled Job Complete: frappe.integrations.doctype.razorpay_settings.razorpay_settings.capture_payment for dcode.com
2021-10-31 16:24:43,296 INFO scheduler Scheduled Job Start: frappe.email.doctype.email_account.email_account.notify_unreplied for dcode.com
2021-10-31 16:24:43,511 INFO scheduler Scheduled Job Complete: frappe.email.doctype.email_account.email_account.notify_unreplied for dcode.com
2021-10-31 16:24:43,587 INFO scheduler Scheduled Job Start: frappe.email.doctype.email_account.email_account.pull for dcode.com
2021-10-31 16:24:43,840 INFO scheduler Scheduled Job Complete: frappe.email.doctype.email_account.email_account.pull for dcode.com
2021-10-31 16:24:43,946 INFO scheduler Scheduled Job Start: frappe.email.queue.flush for dcode.com
2021-10-31 16:24:44,142 INFO scheduler Scheduled Job Complete: frappe.email.queue.flush for dcode.com
2021-10-31 16:25:41,627 DEBUG scheduler Queued events for site dcode.com
2021-10-31 16:26:41,839 DEBUG scheduler Queued events for site dcode.com
2021-10-31 16:27:42,036 DEBUG scheduler Queued events for site dcode.com
2021-10-31 16:28:42,253 INFO scheduler Scheduled Job Start: erpnext.crm.doctype.social_media_post.social_media_post.process_scheduled_social_media_posts for dcode.com
2021-10-31 16:28:42,288 DEBUG scheduler Queued events for site dcode.com
2021-10-31 16:28:42,445 INFO scheduler Scheduled Job Complete: erpnext.crm.doctype.social_media_post.social_media_post.process_scheduled_social_media_posts for dcode.com
2021-10-31 16:28:42,516 INFO scheduler Scheduled Job Start: erpnext.hr.doctype.interview.interview.send_interview_reminder for dcode.com
2021-10-31 16:28:42,714 INFO scheduler Scheduled Job Complete: erpnext.hr.doctype.interview.interview.send_interview_reminder for dcode.com
2021-10-31 16:28:42,784 INFO scheduler Scheduled Job Start: erpnext.healthcare.doctype.patient_appointment.patient_appointment.send_appointment_reminder for dcode.com
2021-10-31 16:28:42,950 INFO scheduler Scheduled Job Complete: erpnext.healthcare.doctype.patient_appointment.patient_appointment.send_appointment_reminder for dcode.com
2021-10-31 16:28:43,023 INFO scheduler Scheduled Job Start: erpnext.projects.doctype.project.project.project_status_update_reminder for dcode.com
2021-10-31 16:28:43,271 INFO scheduler Scheduled Job Complete: erpnext.projects.doctype.project.project.project_status_update_reminder for dcode.com
2021-10-31 16:28:43,344 INFO scheduler Scheduled Job Start: frappe.monitor.flush for dcode.com
2021-10-31 16:28:43,507 INFO scheduler Scheduled Job Complete: frappe.monitor.flush for dcode.com
2021-10-31 16:28:43,576 INFO scheduler Scheduled Job Start: frappe.utils.global_search.sync_global_search for dcode.com
2021-10-31 16:28:43,733 INFO scheduler Scheduled Job Complete: frappe.utils.global_search.sync_global_search for dcode.com
2021-10-31 16:28:43,801 INFO scheduler Scheduled Job Start: frappe.integrations.doctype.razorpay_settings.razorpay_settings.capture_payment for dcode.com
2021-10-31 16:28:44,074 INFO scheduler Scheduled Job Complete: frappe.integrations.doctype.razorpay_settings.razorpay_settings.capture_payment for dcode.com
2021-10-31 16:28:44,146 INFO scheduler Scheduled Job Start: frappe.email.doctype.email_account.email_account.notify_unreplied for dcode.com
2021-10-31 16:28:44,351 INFO scheduler Scheduled Job Complete: frappe.email.doctype.email_account.email_account.notify_unreplied for dcode.com
2021-10-31 16:28:44,421 INFO scheduler Scheduled Job Start: frappe.email.doctype.email_account.email_account.pull for dcode.com
2021-10-31 16:28:44,640 INFO scheduler Scheduled Job Complete: frappe.email.doctype.email_account.email_account.pull for dcode.com
2021-10-31 16:28:44,713 INFO scheduler Scheduled Job Start: frappe.email.queue.flush for dcode.com
2021-10-31 16:28:44,889 INFO scheduler Scheduled Job Complete: frappe.email.queue.flush for dcode.com
2021-10-31 16:29:42,506 DEBUG scheduler Queued events for site dcode.com
2021-10-31 16:30:42,724 INFO scheduler Scheduled Job Start: erpnext.utilities.doctype.video.video.update_youtube_data for dcode.com
2021-10-31 16:30:42,729 DEBUG scheduler Queued events for site dcode.com
2021-10-31 16:30:43,017 INFO scheduler Scheduled Job Complete: erpnext.utilities.doctype.video.video.update_youtube_data for dcode.com
2021-10-31 16:30:43,094 INFO scheduler Scheduled Job Start: frappe.twofactor.delete_all_barcodes_for_users for dcode.com
2021-10-31 16:30:43,341 INFO scheduler Scheduled Job Complete: frappe.twofactor.delete_all_barcodes_for_users for dcode.com
2021-10-31 16:30:43,418 INFO scheduler Scheduled Job Start: frappe.website.doctype.web_page.web_page.check_publish_status for dcode.com
2021-10-31 16:30:43,685 INFO scheduler Scheduled Job Complete: frappe.website.doctype.web_page.web_page.check_publish_status for dcode.com
2021-10-31 16:30:43,760 INFO scheduler Scheduled Job Start: frappe.oauth.delete_oauth2_data for dcode.com
2021-10-31 16:30:44,010 INFO scheduler Scheduled Job Complete: frappe.oauth.delete_oauth2_data for dcode.com
2021-10-31 16:31:42,955 DEBUG scheduler Queued events for site dcode.com
2021-10-31 16:32:43,197 INFO scheduler Scheduled Job Start: erpnext.crm.doctype.social_media_post.social_media_post.process_scheduled_social_media_posts for dcode.com
2021-10-31 16:32:43,252 DEBUG scheduler Queued events for site dcode.com
2021-10-31 16:32:43,425 INFO scheduler Scheduled Job Complete: erpnext.crm.doctype.social_media_post.social_media_post.process_scheduled_social_media_posts for dcode.com
2021-10-31 16:32:43,502 INFO scheduler Scheduled Job Start: erpnext.hr.doctype.interview.interview.send_interview_reminder for dcode.com
2021-10-31 16:32:43,732 INFO scheduler Scheduled Job Complete: erpnext.hr.doctype.interview.interview.send_interview_reminder for dcode.com
2021-10-31 16:32:43,813 INFO scheduler Scheduled Job Start: erpnext.healthcare.doctype.patient_appointment.patient_appointment.send_appointment_reminder for dcode.com
2021-10-31 16:32:44,019 INFO scheduler Scheduled Job Complete: erpnext.healthcare.doctype.patient_appointment.patient_appointment.send_appointment_reminder for dcode.com
2021-10-31 16:32:44,124 INFO scheduler Scheduled Job Start: erpnext.projects.doctype.project.project.project_status_update_reminder for dcode.com
2021-10-31 16:32:44,421 INFO scheduler Scheduled Job Complete: erpnext.projects.doctype.project.project.project_status_update_reminder for dcode.com
2021-10-31 16:32:44,497 INFO scheduler Scheduled Job Start: frappe.monitor.flush for dcode.com
2021-10-31 16:32:44,663 INFO scheduler Scheduled Job Complete: frappe.monitor.flush for dcode.com
2021-10-31 16:32:44,743 INFO scheduler Scheduled Job Start: frappe.utils.global_search.sync_global_search for dcode.com
2021-10-31 16:32:44,907 INFO scheduler Scheduled Job Complete: frappe.utils.global_search.sync_global_search for dcode.com
2021-10-31 16:32:44,993 INFO scheduler Scheduled Job Start: frappe.integrations.doctype.razorpay_settings.razorpay_settings.capture_payment for dcode.com
2021-10-31 16:32:45,325 INFO scheduler Scheduled Job Complete: frappe.integrations.doctype.razorpay_settings.razorpay_settings.capture_payment for dcode.com
2021-10-31 16:32:45,401 INFO scheduler Scheduled Job Start: frappe.email.doctype.email_account.email_account.notify_unreplied for dcode.com
2021-10-31 16:32:45,625 INFO scheduler Scheduled Job Complete: frappe.email.doctype.email_account.email_account.notify_unreplied for dcode.com
2021-10-31 16:32:45,707 INFO scheduler Scheduled Job Start: frappe.email.doctype.email_account.email_account.pull for dcode.com
2021-10-31 16:32:45,927 INFO scheduler Scheduled Job Complete: frappe.email.doctype.email_account.email_account.pull for dcode.com
2021-10-31 16:32:46,008 INFO scheduler Scheduled Job Start: frappe.email.queue.flush for dcode.com
2021-10-31 16:32:46,197 INFO scheduler Scheduled Job Complete: frappe.email.queue.flush for dcode.com
2021-10-31 16:33:43,470 DEBUG scheduler Queued events for site dcode.com
2021-10-31 16:34:43,699 DEBUG scheduler Queued events for site dcode.com
2021-10-31 16:35:43,913 DEBUG scheduler Queued events for site dcode.com
2021-10-31 16:36:44,127 INFO scheduler Scheduled Job Start: erpnext.crm.doctype.social_media_post.social_media_post.process_scheduled_social_media_posts for dcode.com
2021-10-31 16:36:44,164 DEBUG scheduler Queued events for site dcode.com
2021-10-31 16:36:44,321 INFO scheduler Scheduled Job Complete: erpnext.crm.doctype.social_media_post.social_media_post.process_scheduled_social_media_posts for dcode.com
2021-10-31 16:36:44,392 INFO scheduler Scheduled Job Start: erpnext.hr.doctype.interview.interview.send_interview_reminder for dcode.com
2021-10-31 16:36:44,596 INFO scheduler Scheduled Job Complete: erpnext.hr.doctype.interview.interview.send_interview_reminder for dcode.com
2021-10-31 16:36:44,668 INFO scheduler Scheduled Job Start: erpnext.healthcare.doctype.patient_appointment.patient_appointment.send_appointment_reminder for dcode.com
2021-10-31 16:36:44,845 INFO scheduler Scheduled Job Complete: erpnext.healthcare.doctype.patient_appointment.patient_appointment.send_appointment_reminder for dcode.com
2021-10-31 16:36:44,922 INFO scheduler Scheduled Job Start: erpnext.projects.doctype.project.project.project_status_update_reminder for dcode.com
2021-10-31 16:36:45,179 INFO scheduler Scheduled Job Complete: erpnext.projects.doctype.project.project.project_status_update_reminder for dcode.com
2021-10-31 16:36:45,261 INFO scheduler Scheduled Job Start: frappe.monitor.flush for dcode.com
2021-10-31 16:36:45,430 INFO scheduler Scheduled Job Complete: frappe.monitor.flush for dcode.com
2021-10-31 16:36:45,506 INFO scheduler Scheduled Job Start: frappe.utils.global_search.sync_global_search for dcode.com
2021-10-31 16:36:45,683 INFO scheduler Scheduled Job Complete: frappe.utils.global_search.sync_global_search for dcode.com
2021-10-31 16:36:45,773 INFO scheduler Scheduled Job Start: frappe.integrations.doctype.razorpay_settings.razorpay_settings.capture_payment for dcode.com
2021-10-31 16:36:46,063 INFO scheduler Scheduled Job Complete: frappe.integrations.doctype.razorpay_settings.razorpay_settings.capture_payment for dcode.com
2021-10-31 16:36:46,135 INFO scheduler Scheduled Job Start: frappe.email.doctype.email_account.email_account.notify_unreplied for dcode.com
2021-10-31 16:36:46,353 INFO scheduler Scheduled Job Complete: frappe.email.doctype.email_account.email_account.notify_unreplied for dcode.com
2021-10-31 16:36:46,426 INFO scheduler Scheduled Job Start: frappe.email.doctype.email_account.email_account.pull for dcode.com
2021-10-31 16:36:46,648 INFO scheduler Scheduled Job Complete: frappe.email.doctype.email_account.email_account.pull for dcode.com
2021-10-31 16:36:46,723 INFO scheduler Scheduled Job Start: frappe.email.queue.flush for dcode.com
2021-10-31 16:36:46,913 INFO scheduler Scheduled Job Complete: frappe.email.queue.flush for dcode.com
2021-10-31 16:37:44,389 DEBUG scheduler Queued events for site dcode.com
2021-10-31 16:38:44,604 DEBUG scheduler Queued events for site dcode.com
2021-10-31 16:39:44,807 DEBUG scheduler Queued events for site dcode.com
2021-10-31 16:40:45,063 INFO scheduler Scheduled Job Start: erpnext.crm.doctype.social_media_post.social_media_post.process_scheduled_social_media_posts for dcode.com
2021-10-31 16:40:45,089 DEBUG scheduler Queued events for site dcode.com
2021-10-31 16:40:45,321 INFO scheduler Scheduled Job Complete: erpnext.crm.doctype.social_media_post.social_media_post.process_scheduled_social_media_posts for dcode.com
2021-10-31 16:40:45,408 INFO scheduler Scheduled Job Start: erpnext.hr.doctype.interview.interview.send_interview_reminder for dcode.com
2021-10-31 16:40:45,618 INFO scheduler Scheduled Job Complete: erpnext.hr.doctype.interview.interview.send_interview_reminder for dcode.com
2021-10-31 16:40:45,692 INFO scheduler Scheduled Job Start: erpnext.healthcare.doctype.patient_appointment.patient_appointment.send_appointment_reminder for dcode.com
2021-10-31 16:40:45,869 INFO scheduler Scheduled Job Complete: erpnext.healthcare.doctype.patient_appointment.patient_appointment.send_appointment_reminder for dcode.com
2021-10-31 16:40:45,947 INFO scheduler Scheduled Job Start: erpnext.projects.doctype.project.project.project_status_update_reminder for dcode.com
2021-10-31 16:40:46,213 INFO scheduler Scheduled Job Complete: erpnext.projects.doctype.project.project.project_status_update_reminder for dcode.com
2021-10-31 16:40:46,288 INFO scheduler Scheduled Job Start: frappe.monitor.flush for dcode.com
2021-10-31 16:40:46,461 INFO scheduler Scheduled Job Complete: frappe.monitor.flush for dcode.com
2021-10-31 16:40:46,534 INFO scheduler Scheduled Job Start: frappe.utils.global_search.sync_global_search for dcode.com
2021-10-31 16:40:46,703 INFO scheduler Scheduled Job Complete: frappe.utils.global_search.sync_global_search for dcode.com
2021-10-31 16:40:46,772 INFO scheduler Scheduled Job Start: frappe.integrations.doctype.razorpay_settings.razorpay_settings.capture_payment for dcode.com
2021-10-31 16:40:47,056 INFO scheduler Scheduled Job Complete: frappe.integrations.doctype.razorpay_settings.razorpay_settings.capture_payment for dcode.com
2021-10-31 16:40:47,125 INFO scheduler Scheduled Job Start: frappe.email.doctype.email_account.email_account.notify_unreplied for dcode.com
2021-10-31 16:40:47,334 INFO scheduler Scheduled Job Complete: frappe.email.doctype.email_account.email_account.notify_unreplied for dcode.com
2021-10-31 16:40:47,405 INFO scheduler Scheduled Job Start: frappe.email.doctype.email_account.email_account.pull for dcode.com
2021-10-31 16:40:47,626 INFO scheduler Scheduled Job Complete: frappe.email.doctype.email_account.email_account.pull for dcode.com
2021-10-31 16:40:47,705 INFO scheduler Scheduled Job Start: frappe.email.queue.flush for dcode.com
2021-10-31 16:40:47,889 INFO scheduler Scheduled Job Complete: frappe.email.queue.flush for dcode.com
2021-10-31 16:41:45,360 DEBUG scheduler Queued events for site dcode.com
2021-10-31 16:42:45,579 DEBUG scheduler Queued events for site dcode.com
2021-10-31 16:43:45,802 DEBUG scheduler Queued events for site dcode.com
2021-10-31 16:44:46,026 INFO scheduler Scheduled Job Start: erpnext.crm.doctype.social_media_post.social_media_post.process_scheduled_social_media_posts for dcode.com
2021-10-31 16:44:46,062 DEBUG scheduler Queued events for site dcode.com
2021-10-31 16:44:46,220 INFO scheduler Scheduled Job Complete: erpnext.crm.doctype.social_media_post.social_media_post.process_scheduled_social_media_posts for dcode.com
2021-10-31 16:44:46,292 INFO scheduler Scheduled Job Start: erpnext.hr.doctype.interview.interview.send_interview_reminder for dcode.com
2021-10-31 16:44:46,493 INFO scheduler Scheduled Job Complete: erpnext.hr.doctype.interview.interview.send_interview_reminder for dcode.com
2021-10-31 16:44:46,566 INFO scheduler Scheduled Job Start: erpnext.healthcare.doctype.patient_appointment.patient_appointment.send_appointment_reminder for dcode.com
2021-10-31 16:44:46,738 INFO scheduler Scheduled Job Complete: erpnext.healthcare.doctype.patient_appointment.patient_appointment.send_appointment_reminder for dcode.com
2021-10-31 16:44:46,820 INFO scheduler Scheduled Job Start: erpnext.projects.doctype.project.project.project_status_update_reminder for dcode.com
2021-10-31 16:44:47,085 INFO scheduler Scheduled Job Complete: erpnext.projects.doctype.project.project.project_status_update_reminder for dcode.com
2021-10-31 16:44:47,159 INFO scheduler Scheduled Job Start: frappe.monitor.flush for dcode.com
2021-10-31 16:44:47,321 INFO scheduler Scheduled Job Complete: frappe.monitor.flush for dcode.com
2021-10-31 16:44:47,393 INFO scheduler Scheduled Job Start: frappe.utils.global_search.sync_global_search for dcode.com
2021-10-31 16:44:47,555 INFO scheduler Scheduled Job Complete: frappe.utils.global_search.sync_global_search for dcode.com
2021-10-31 16:44:47,629 INFO scheduler Scheduled Job Start: frappe.integrations.doctype.razorpay_settings.razorpay_settings.capture_payment for dcode.com
2021-10-31 16:44:47,932 INFO scheduler Scheduled Job Complete: frappe.integrations.doctype.razorpay_settings.razorpay_settings.capture_payment for dcode.com
2021-10-31 16:44:48,006 INFO scheduler Scheduled Job Start: frappe.email.doctype.email_account.email_account.notify_unreplied for dcode.com
2021-10-31 16:44:48,231 INFO scheduler Scheduled Job Complete: frappe.email.doctype.email_account.email_account.notify_unreplied for dcode.com
2021-10-31 16:44:48,307 INFO scheduler Scheduled Job Start: frappe.email.doctype.email_account.email_account.pull for dcode.com
2021-10-31 16:44:48,529 INFO scheduler Scheduled Job Complete: frappe.email.doctype.email_account.email_account.pull for dcode.com
2021-10-31 16:44:48,605 INFO scheduler Scheduled Job Start: frappe.email.queue.flush for dcode.com
2021-10-31 16:44:48,786 INFO scheduler Scheduled Job Complete: frappe.email.queue.flush for dcode.com
2021-10-31 16:45:46,297 DEBUG scheduler Queued events for site dcode.com
2021-10-31 16:45:46,358 INFO scheduler Scheduled Job Start: frappe.twofactor.delete_all_barcodes_for_users for dcode.com
2021-10-31 16:45:46,602 INFO scheduler Scheduled Job Complete: frappe.twofactor.delete_all_barcodes_for_users for dcode.com
2021-10-31 16:45:46,683 INFO scheduler Scheduled Job Start: frappe.website.doctype.web_page.web_page.check_publish_status for dcode.com
2021-10-31 16:45:46,966 INFO scheduler Scheduled Job Complete: frappe.website.doctype.web_page.web_page.check_publish_status for dcode.com
2021-10-31 16:45:47,041 INFO scheduler Scheduled Job Start: frappe.oauth.delete_oauth2_data for dcode.com
2021-10-31 16:45:47,300 INFO scheduler Scheduled Job Complete: frappe.oauth.delete_oauth2_data for dcode.com
2021-10-31 16:46:46,527 DEBUG scheduler Queued events for site dcode.com
2021-10-31 16:47:46,744 DEBUG scheduler Queued events for site dcode.com
2021-10-31 16:48:46,963 INFO scheduler Scheduled Job Start: erpnext.crm.doctype.social_media_post.social_media_post.process_scheduled_social_media_posts for dcode.com
2021-10-31 16:48:46,999 DEBUG scheduler Queued events for site dcode.com
2021-10-31 16:48:47,177 INFO scheduler Scheduled Job Complete: erpnext.crm.doctype.social_media_post.social_media_post.process_scheduled_social_media_posts for dcode.com
2021-10-31 16:48:47,254 INFO scheduler Scheduled Job Start: erpnext.hr.doctype.interview.interview.send_interview_reminder for dcode.com
2021-10-31 16:48:47,459 INFO scheduler Scheduled Job Complete: erpnext.hr.doctype.interview.interview.send_interview_reminder for dcode.com
2021-10-31 16:48:47,532 INFO scheduler Scheduled Job Start: erpnext.healthcare.doctype.patient_appointment.patient_appointment.send_appointment_reminder for dcode.com
2021-10-31 16:48:47,712 INFO scheduler Scheduled Job Complete: erpnext.healthcare.doctype.patient_appointment.patient_appointment.send_appointment_reminder for dcode.com
2021-10-31 16:48:47,789 INFO scheduler Scheduled Job Start: erpnext.projects.doctype.project.project.project_status_update_reminder for dcode.com
2021-10-31 16:48:48,058 INFO scheduler Scheduled Job Complete: erpnext.projects.doctype.project.project.project_status_update_reminder for dcode.com
2021-10-31 16:48:48,144 INFO scheduler Scheduled Job Start: frappe.monitor.flush for dcode.com
2021-10-31 16:48:48,311 INFO scheduler Scheduled Job Complete: frappe.monitor.flush for dcode.com
2021-10-31 16:48:48,386 INFO scheduler Scheduled Job Start: frappe.utils.global_search.sync_global_search for dcode.com
2021-10-31 16:48:48,553 INFO scheduler Scheduled Job Complete: frappe.utils.global_search.sync_global_search for dcode.com
2021-10-31 16:48:48,631 INFO scheduler Scheduled Job Start: frappe.integrations.doctype.razorpay_settings.razorpay_settings.capture_payment for dcode.com
2021-10-31 16:48:48,946 INFO scheduler Scheduled Job Complete: frappe.integrations.doctype.razorpay_settings.razorpay_settings.capture_payment for dcode.com
2021-10-31 16:48:49,023 INFO scheduler Scheduled Job Start: frappe.email.doctype.email_account.email_account.notify_unreplied for dcode.com
2021-10-31 16:48:49,249 INFO scheduler Scheduled Job Complete: frappe.email.doctype.email_account.email_account.notify_unreplied for dcode.com
2021-10-31 16:48:49,326 INFO scheduler Scheduled Job Start: frappe.email.doctype.email_account.email_account.pull for dcode.com
2021-10-31 16:48:49,556 INFO scheduler Scheduled Job Complete: frappe.email.doctype.email_account.email_account.pull for dcode.com
2021-10-31 16:48:49,632 INFO scheduler Scheduled Job Start: frappe.email.queue.flush for dcode.com
2021-10-31 16:48:49,830 INFO scheduler Scheduled Job Complete: frappe.email.queue.flush for dcode.com
2021-10-31 16:49:47,222 DEBUG scheduler Queued events for site dcode.com
2021-10-31 16:50:47,430 DEBUG scheduler Queued events for site dcode.com
2021-10-31 16:51:47,641 DEBUG scheduler Queued events for site dcode.com
2021-10-31 16:52:47,860 INFO scheduler Scheduled Job Start: erpnext.crm.doctype.social_media_post.social_media_post.process_scheduled_social_media_posts for dcode.com
2021-10-31 16:52:47,893 DEBUG scheduler Queued events for site dcode.com
2021-10-31 16:52:48,067 INFO scheduler Scheduled Job Complete: erpnext.crm.doctype.social_media_post.social_media_post.process_scheduled_social_media_posts for dcode.com
2021-10-31 16:52:48,150 INFO scheduler Scheduled Job Start: erpnext.hr.doctype.interview.interview.send_interview_reminder for dcode.com
2021-10-31 16:52:48,356 INFO scheduler Scheduled Job Complete: erpnext.hr.doctype.interview.interview.send_interview_reminder for dcode.com
2021-10-31 16:52:48,431 INFO scheduler Scheduled Job Start: erpnext.healthcare.doctype.patient_appointment.patient_appointment.send_appointment_reminder for dcode.com
2021-10-31 16:52:48,604 INFO scheduler Scheduled Job Complete: erpnext.healthcare.doctype.patient_appointment.patient_appointment.send_appointment_reminder for dcode.com
2021-10-31 16:52:48,678 INFO scheduler Scheduled Job Start: erpnext.projects.doctype.project.project.project_status_update_reminder for dcode.com
2021-10-31 16:52:48,936 INFO scheduler Scheduled Job Complete: erpnext.projects.doctype.project.project.project_status_update_reminder for dcode.com
2021-10-31 16:52:49,017 INFO scheduler Scheduled Job Start: frappe.monitor.flush for dcode.com
2021-10-31 16:52:49,184 INFO scheduler Scheduled Job Complete: frappe.monitor.flush for dcode.com
2021-10-31 16:52:49,256 INFO scheduler Scheduled Job Start: frappe.utils.global_search.sync_global_search for dcode.com
2021-10-31 16:52:49,417 INFO scheduler Scheduled Job Complete: frappe.utils.global_search.sync_global_search for dcode.com
2021-10-31 16:52:49,492 INFO scheduler Scheduled Job Start: frappe.integrations.doctype.razorpay_settings.razorpay_settings.capture_payment for dcode.com
2021-10-31 16:52:49,804 INFO scheduler Scheduled Job Complete: frappe.integrations.doctype.razorpay_settings.razorpay_settings.capture_payment for dcode.com
2021-10-31 16:52:49,878 INFO scheduler Scheduled Job Start: frappe.email.doctype.email_account.email_account.notify_unreplied for dcode.com
2021-10-31 16:52:50,089 INFO scheduler Scheduled Job Complete: frappe.email.doctype.email_account.email_account.notify_unreplied for dcode.com
2021-10-31 16:52:50,170 INFO scheduler Scheduled Job Start: frappe.email.doctype.email_account.email_account.pull for dcode.com
2021-10-31 16:52:50,411 INFO scheduler Scheduled Job Complete: frappe.email.doctype.email_account.email_account.pull for dcode.com
2021-10-31 16:52:50,482 INFO scheduler Scheduled Job Start: frappe.email.queue.flush for dcode.com
2021-10-31 16:52:50,658 INFO scheduler Scheduled Job Complete: frappe.email.queue.flush for dcode.com
2021-10-31 16:53:48,118 DEBUG scheduler Queued events for site dcode.com
2021-10-31 16:54:48,326 DEBUG scheduler Queued events for site dcode.com
2021-10-31 16:55:48,539 DEBUG scheduler Queued events for site dcode.com
2021-10-31 16:56:48,769 INFO scheduler Scheduled Job Start: erpnext.crm.doctype.social_media_post.social_media_post.process_scheduled_social_media_posts for dcode.com
2021-10-31 16:56:48,814 DEBUG scheduler Queued events for site dcode.com
2021-10-31 16:56:48,968 INFO scheduler Scheduled Job Complete: erpnext.crm.doctype.social_media_post.social_media_post.process_scheduled_social_media_posts for dcode.com
2021-10-31 16:56:49,049 INFO scheduler Scheduled Job Start: erpnext.hr.doctype.interview.interview.send_interview_reminder for dcode.com
2021-10-31 16:56:49,246 INFO scheduler Scheduled Job Complete: erpnext.hr.doctype.interview.interview.send_interview_reminder for dcode.com
2021-10-31 16:56:49,323 INFO scheduler Scheduled Job Start: erpnext.healthcare.doctype.patient_appointment.patient_appointment.send_appointment_reminder for dcode.com
2021-10-31 16:56:49,505 INFO scheduler Scheduled Job Complete: erpnext.healthcare.doctype.patient_appointment.patient_appointment.send_appointment_reminder for dcode.com
2021-10-31 16:56:49,582 INFO scheduler Scheduled Job Start: erpnext.projects.doctype.project.project.project_status_update_reminder for dcode.com
2021-10-31 16:56:49,856 INFO scheduler Scheduled Job Complete: erpnext.projects.doctype.project.project.project_status_update_reminder for dcode.com
2021-10-31 16:56:49,931 INFO scheduler Scheduled Job Start: frappe.monitor.flush for dcode.com
2021-10-31 16:56:50,101 INFO scheduler Scheduled Job Complete: frappe.monitor.flush for dcode.com
2021-10-31 16:56:50,173 INFO scheduler Scheduled Job Start: frappe.utils.global_search.sync_global_search for dcode.com
2021-10-31 16:56:50,400 INFO scheduler Scheduled Job Complete: frappe.utils.global_search.sync_global_search for dcode.com
2021-10-31 16:56:50,489 INFO scheduler Scheduled Job Start: frappe.integrations.doctype.razorpay_settings.razorpay_settings.capture_payment for dcode.com
2021-10-31 16:56:50,814 INFO scheduler Scheduled Job Complete: frappe.integrations.doctype.razorpay_settings.razorpay_settings.capture_payment for dcode.com
2021-10-31 16:56:50,889 INFO scheduler Scheduled Job Start: frappe.email.doctype.email_account.email_account.notify_unreplied for dcode.com
2021-10-31 16:56:51,107 INFO scheduler Scheduled Job Complete: frappe.email.doctype.email_account.email_account.notify_unreplied for dcode.com
2021-10-31 16:56:51,193 INFO scheduler Scheduled Job Start: frappe.email.doctype.email_account.email_account.pull for dcode.com
2021-10-31 16:56:51,436 INFO scheduler Scheduled Job Complete: frappe.email.doctype.email_account.email_account.pull for dcode.com
2021-10-31 16:56:51,511 INFO scheduler Scheduled Job Start: frappe.email.queue.flush for dcode.com
2021-10-31 16:56:51,726 INFO scheduler Scheduled Job Complete: frappe.email.queue.flush for dcode.com
2021-10-31 16:57:49,154 DEBUG scheduler Queued events for site dcode.com
2021-10-31 16:58:49,388 DEBUG scheduler Queued events for site dcode.com
2021-10-31 16:59:49,649 DEBUG scheduler Queued events for site dcode.com
2021-10-31 17:00:49,817 INFO scheduler Scheduled Job Start: erpnext.stock.doctype.repost_item_valuation.repost_item_valuation.repost_entries for dcode.com
2021-10-31 17:00:49,874 INFO scheduler Scheduled Job Start: erpnext.erpnext_integrations.connectors.shopify_connection.sync_old_orders for dcode.com
2021-10-31 17:00:50,143 INFO scheduler Scheduled Job Complete: erpnext.stock.doctype.repost_item_valuation.repost_item_valuation.repost_entries for dcode.com
2021-10-31 17:00:50,169 DEBUG scheduler Queued events for site dcode.com
2021-10-31 17:00:50,298 INFO scheduler Scheduled Job Complete: erpnext.erpnext_integrations.connectors.shopify_connection.sync_old_orders for dcode.com
2021-10-31 17:00:50,383 INFO scheduler Scheduled Job Start: erpnext.support.doctype.issue.issue.set_service_level_agreement_variance for dcode.com
2021-10-31 17:00:50,632 INFO scheduler Scheduled Job Complete: erpnext.support.doctype.issue.issue.set_service_level_agreement_variance for dcode.com
2021-10-31 17:00:50,728 INFO scheduler Scheduled Job Start: erpnext.hr.doctype.shift_type.shift_type.process_auto_attendance_for_all_shifts for dcode.com
2021-10-31 17:00:50,980 INFO scheduler Scheduled Job Complete: erpnext.hr.doctype.shift_type.shift_type.process_auto_attendance_for_all_shifts for dcode.com
2021-10-31 17:00:51,063 INFO scheduler Scheduled Job Start: erpnext.projects.doctype.project.project.collect_project_status for dcode.com
2021-10-31 17:00:51,365 INFO scheduler Scheduled Job Complete: erpnext.projects.doctype.project.project.collect_project_status for dcode.com
2021-10-31 17:00:51,445 INFO scheduler Scheduled Job Start: erpnext.projects.doctype.project.project.hourly_reminder for dcode.com
2021-10-31 17:00:51,739 INFO scheduler Scheduled Job Complete: erpnext.projects.doctype.project.project.hourly_reminder for dcode.com
2021-10-31 17:00:51,821 INFO scheduler Scheduled Job Start: erpnext.erpnext_integrations.doctype.plaid_settings.plaid_settings.automatic_synchronization for dcode.com
2021-10-31 17:00:52,154 INFO scheduler Scheduled Job Complete: erpnext.erpnext_integrations.doctype.plaid_settings.plaid_settings.automatic_synchronization for dcode.com
2021-10-31 17:00:52,235 INFO scheduler Scheduled Job Start: erpnext.accounts.doctype.gl_entry.gl_entry.rename_gle_sle_docs for dcode.com
2021-10-31 17:00:52,506 INFO scheduler Scheduled Job Complete: erpnext.accounts.doctype.gl_entry.gl_entry.rename_gle_sle_docs for dcode.com
2021-10-31 17:00:52,587 INFO scheduler Scheduled Job Start: erpnext.erpnext_integrations.doctype.amazon_mws_settings.amazon_mws_settings.schedule_get_order_details for dcode.com
2021-10-31 17:00:52,811 INFO scheduler Scheduled Job Complete: erpnext.erpnext_integrations.doctype.amazon_mws_settings.amazon_mws_settings.schedule_get_order_details for dcode.com
2021-10-31 17:00:52,891 INFO scheduler Scheduled Job Start: erpnext.accounts.doctype.subscription.subscription.process_all for dcode.com
2021-10-31 17:00:53,131 INFO scheduler Scheduled Job Complete: erpnext.accounts.doctype.subscription.subscription.process_all for dcode.com
2021-10-31 17:00:53,222 INFO scheduler Scheduled Job Start: erpnext.hr.doctype.daily_work_summary_group.daily_work_summary_group.trigger_emails for dcode.com
2021-10-31 17:00:53,448 INFO scheduler Scheduled Job Complete: erpnext.hr.doctype.daily_work_summary_group.daily_work_summary_group.trigger_emails for dcode.com
2021-10-31 17:00:53,525 INFO scheduler Scheduled Job Start: erpnext.crm.doctype.social_media_post.social_media_post.process_scheduled_social_media_posts for dcode.com
2021-10-31 17:00:53,728 INFO scheduler Scheduled Job Complete: erpnext.crm.doctype.social_media_post.social_media_post.process_scheduled_social_media_posts for dcode.com
2021-10-31 17:00:53,804 INFO scheduler Scheduled Job Start: erpnext.hr.doctype.interview.interview.send_interview_reminder for dcode.com
2021-10-31 17:00:54,025 INFO scheduler Scheduled Job Complete: erpnext.hr.doctype.interview.interview.send_interview_reminder for dcode.com
2021-10-31 17:00:54,100 INFO scheduler Scheduled Job Start: erpnext.healthcare.doctype.patient_appointment.patient_appointment.send_appointment_reminder for dcode.com
2021-10-31 17:00:54,278 INFO scheduler Scheduled Job Complete: erpnext.healthcare.doctype.patient_appointment.patient_appointment.send_appointment_reminder for dcode.com
2021-10-31 17:00:54,354 INFO scheduler Scheduled Job Start: erpnext.projects.doctype.project.project.project_status_update_reminder for dcode.com
2021-10-31 17:00:54,606 INFO scheduler Scheduled Job Complete: erpnext.projects.doctype.project.project.project_status_update_reminder for dcode.com
2021-10-31 17:00:54,690 INFO scheduler Scheduled Job Start: erpnext.utilities.doctype.video.video.update_youtube_data for dcode.com
2021-10-31 17:00:55,003 INFO scheduler Scheduled Job Failed: erpnext.utilities.doctype.video.video.update_youtube_data for dcode.com
2021-10-31 17:00:55,093 INFO scheduler Scheduled Job Start: frappe.email.doctype.newsletter.newsletter.send_scheduled_email for dcode.com
2021-10-31 17:00:55,413 INFO scheduler Scheduled Job Complete: frappe.email.doctype.newsletter.newsletter.send_scheduled_email for dcode.com
2021-10-31 17:00:55,499 INFO scheduler Scheduled Job Start: frappe.integrations.doctype.google_calendar.google_calendar.sync for dcode.com
2021-10-31 17:00:55,913 INFO scheduler Scheduled Job Complete: frappe.integrations.doctype.google_calendar.google_calendar.sync for dcode.com
2021-10-31 17:00:55,998 INFO scheduler Scheduled Job Start: frappe.desk.form.document_follow.send_hourly_updates for dcode.com
2021-10-31 17:00:56,234 INFO scheduler Scheduled Job Complete: frappe.desk.form.document_follow.send_hourly_updates for dcode.com
2021-10-31 17:00:56,327 INFO scheduler Scheduled Job Start: frappe.deferred_insert.save_to_db for dcode.com
2021-10-31 17:00:56,553 INFO scheduler Scheduled Job Complete: frappe.deferred_insert.save_to_db for dcode.com
2021-10-31 17:00:56,629 INFO scheduler Scheduled Job Start: frappe.desk.page.backups.backups.delete_downloadable_backups for dcode.com
2021-10-31 17:00:56,849 INFO scheduler Scheduled Job Complete: frappe.desk.page.backups.backups.delete_downloadable_backups for dcode.com
2021-10-31 17:00:56,927 INFO scheduler Scheduled Job Start: frappe.utils.error.collect_error_snapshots for dcode.com
2021-10-31 17:00:57,149 INFO scheduler Scheduled Job Complete: frappe.utils.error.collect_error_snapshots for dcode.com
2021-10-31 17:00:57,233 INFO scheduler Scheduled Job Start: frappe.model.utils.user_settings.sync_user_settings for dcode.com
2021-10-31 17:00:57,478 INFO scheduler Scheduled Job Complete: frappe.model.utils.user_settings.sync_user_settings for dcode.com
2021-10-31 17:00:57,560 INFO scheduler Scheduled Job Start: frappe.model.utils.link_count.update_link_count for dcode.com
2021-10-31 17:00:57,785 INFO scheduler Scheduled Job Complete: frappe.model.utils.link_count.update_link_count for dcode.com
2021-10-31 17:00:57,867 INFO scheduler Scheduled Job Start: frappe.monitor.flush for dcode.com
2021-10-31 17:00:58,046 INFO scheduler Scheduled Job Complete: frappe.monitor.flush for dcode.com
2021-10-31 17:00:58,122 INFO scheduler Scheduled Job Start: frappe.utils.global_search.sync_global_search for dcode.com
2021-10-31 17:00:58,289 INFO scheduler Scheduled Job Complete: frappe.utils.global_search.sync_global_search for dcode.com
2021-10-31 17:00:58,363 INFO scheduler Scheduled Job Start: frappe.integrations.doctype.razorpay_settings.razorpay_settings.capture_payment for dcode.com
2021-10-31 17:00:58,656 INFO scheduler Scheduled Job Complete: frappe.integrations.doctype.razorpay_settings.razorpay_settings.capture_payment for dcode.com
2021-10-31 17:00:58,734 INFO scheduler Scheduled Job Start: frappe.email.doctype.email_account.email_account.notify_unreplied for dcode.com
2021-10-31 17:00:58,947 INFO scheduler Scheduled Job Complete: frappe.email.doctype.email_account.email_account.notify_unreplied for dcode.com
2021-10-31 17:00:59,023 INFO scheduler Scheduled Job Start: frappe.email.doctype.email_account.email_account.pull for dcode.com
2021-10-31 17:00:59,252 INFO scheduler Scheduled Job Complete: frappe.email.doctype.email_account.email_account.pull for dcode.com
2021-10-31 17:00:59,329 INFO scheduler Scheduled Job Start: frappe.email.queue.flush for dcode.com
2021-10-31 17:00:59,515 INFO scheduler Scheduled Job Complete: frappe.email.queue.flush for dcode.com
2021-10-31 17:00:59,594 INFO scheduler Scheduled Job Start: frappe.twofactor.delete_all_barcodes_for_users for dcode.com
2021-10-31 17:00:59,858 INFO scheduler Scheduled Job Complete: frappe.twofactor.delete_all_barcodes_for_users for dcode.com
2021-10-31 17:00:59,936 INFO scheduler Scheduled Job Start: frappe.website.doctype.web_page.web_page.check_publish_status for dcode.com
2021-10-31 17:01:00,222 INFO scheduler Scheduled Job Complete: frappe.website.doctype.web_page.web_page.check_publish_status for dcode.com
2021-10-31 17:01:00,324 INFO scheduler Scheduled Job Start: frappe.oauth.delete_oauth2_data for dcode.com
2021-10-31 17:01:00,606 INFO scheduler Scheduled Job Complete: frappe.oauth.delete_oauth2_data for dcode.com
2021-10-31 17:01:50,442 DEBUG scheduler Queued events for site dcode.com
2021-10-31 17:02:50,687 DEBUG scheduler Queued events for site dcode.com
2021-10-31 17:03:50,898 DEBUG scheduler Queued events for site dcode.com
2021-10-31 17:04:51,164 INFO scheduler Scheduled Job Start: erpnext.crm.doctype.social_media_post.social_media_post.process_scheduled_social_media_posts for dcode.com
2021-10-31 17:04:51,212 DEBUG scheduler Queued events for site dcode.com
2021-10-31 17:04:51,441 INFO scheduler Scheduled Job Complete: erpnext.crm.doctype.social_media_post.social_media_post.process_scheduled_social_media_posts for dcode.com
2021-10-31 17:04:51,542 INFO scheduler Scheduled Job Start: erpnext.hr.doctype.interview.interview.send_interview_reminder for dcode.com
2021-10-31 17:04:51,803 INFO scheduler Scheduled Job Complete: erpnext.hr.doctype.interview.interview.send_interview_reminder for dcode.com
2021-10-31 17:04:51,888 INFO scheduler Scheduled Job Start: erpnext.healthcare.doctype.patient_appointment.patient_appointment.send_appointment_reminder for dcode.com
2021-10-31 17:04:52,099 INFO scheduler Scheduled Job Complete: erpnext.healthcare.doctype.patient_appointment.patient_appointment.send_appointment_reminder for dcode.com
2021-10-31 17:04:52,183 INFO scheduler Scheduled Job Start: erpnext.projects.doctype.project.project.project_status_update_reminder for dcode.com
2021-10-31 17:04:52,497 INFO scheduler Scheduled Job Complete: erpnext.projects.doctype.project.project.project_status_update_reminder for dcode.com
2021-10-31 17:04:52,577 INFO scheduler Scheduled Job Start: frappe.monitor.flush for dcode.com
2021-10-31 17:04:52,776 INFO scheduler Scheduled Job Complete: frappe.monitor.flush for dcode.com
2021-10-31 17:04:52,863 INFO scheduler Scheduled Job Start: frappe.utils.global_search.sync_global_search for dcode.com
2021-10-31 17:04:53,073 INFO scheduler Scheduled Job Complete: frappe.utils.global_search.sync_global_search for dcode.com
2021-10-31 17:04:53,156 INFO scheduler Scheduled Job Start: frappe.integrations.doctype.razorpay_settings.razorpay_settings.capture_payment for dcode.com
2021-10-31 17:04:53,455 INFO scheduler Scheduled Job Complete: frappe.integrations.doctype.razorpay_settings.razorpay_settings.capture_payment for dcode.com
2021-10-31 17:04:53,527 INFO scheduler Scheduled Job Start: frappe.email.doctype.email_account.email_account.notify_unreplied for dcode.com
2021-10-31 17:04:53,744 INFO scheduler Scheduled Job Complete: frappe.email.doctype.email_account.email_account.notify_unreplied for dcode.com
2021-10-31 17:04:53,819 INFO scheduler Scheduled Job Start: frappe.email.doctype.email_account.email_account.pull for dcode.com
2021-10-31 17:04:54,045 INFO scheduler Scheduled Job Complete: frappe.email.doctype.email_account.email_account.pull for dcode.com
2021-10-31 17:04:54,118 INFO scheduler Scheduled Job Start: frappe.email.queue.flush for dcode.com
2021-10-31 17:04:54,296 INFO scheduler Scheduled Job Complete: frappe.email.queue.flush for dcode.com
2021-10-31 17:05:51,445 DEBUG scheduler Queued events for site dcode.com
2021-10-31 17:06:51,669 DEBUG scheduler Queued events for site dcode.com
2021-10-31 17:07:51,880 DEBUG scheduler Queued events for site dcode.com
2021-10-31 17:08:52,112 INFO scheduler Scheduled Job Start: erpnext.crm.doctype.social_media_post.social_media_post.process_scheduled_social_media_posts for dcode.com
2021-10-31 17:08:52,153 DEBUG scheduler Queued events for site dcode.com
2021-10-31 17:08:52,311 INFO scheduler Scheduled Job Complete: erpnext.crm.doctype.social_media_post.social_media_post.process_scheduled_social_media_posts for dcode.com
2021-10-31 17:08:52,383 INFO scheduler Scheduled Job Start: erpnext.hr.doctype.interview.interview.send_interview_reminder for dcode.com
2021-10-31 17:08:52,589 INFO scheduler Scheduled Job Complete: erpnext.hr.doctype.interview.interview.send_interview_reminder for dcode.com
2021-10-31 17:08:52,659 INFO scheduler Scheduled Job Start: erpnext.healthcare.doctype.patient_appointment.patient_appointment.send_appointment_reminder for dcode.com
2021-10-31 17:08:52,828 INFO scheduler Scheduled Job Complete: erpnext.healthcare.doctype.patient_appointment.patient_appointment.send_appointment_reminder for dcode.com
2021-10-31 17:08:52,902 INFO scheduler Scheduled Job Start: erpnext.projects.doctype.project.project.project_status_update_reminder for dcode.com
2021-10-31 17:08:53,153 INFO scheduler Scheduled Job Complete: erpnext.projects.doctype.project.project.project_status_update_reminder for dcode.com
2021-10-31 17:08:53,226 INFO scheduler Scheduled Job Start: frappe.monitor.flush for dcode.com
2021-10-31 17:08:53,386 INFO scheduler Scheduled Job Complete: frappe.monitor.flush for dcode.com
2021-10-31 17:08:53,458 INFO scheduler Scheduled Job Start: frappe.utils.global_search.sync_global_search for dcode.com
2021-10-31 17:08:53,619 INFO scheduler Scheduled Job Complete: frappe.utils.global_search.sync_global_search for dcode.com
2021-10-31 17:08:53,694 INFO scheduler Scheduled Job Start: frappe.integrations.doctype.razorpay_settings.razorpay_settings.capture_payment for dcode.com
2021-10-31 17:08:53,966 INFO scheduler Scheduled Job Complete: frappe.integrations.doctype.razorpay_settings.razorpay_settings.capture_payment for dcode.com
2021-10-31 17:08:54,038 INFO scheduler Scheduled Job Start: frappe.email.doctype.email_account.email_account.notify_unreplied for dcode.com
2021-10-31 17:08:54,261 INFO scheduler Scheduled Job Complete: frappe.email.doctype.email_account.email_account.notify_unreplied for dcode.com
2021-10-31 17:08:54,336 INFO scheduler Scheduled Job Start: frappe.email.doctype.email_account.email_account.pull for dcode.com
2021-10-31 17:08:54,573 INFO scheduler Scheduled Job Complete: frappe.email.doctype.email_account.email_account.pull for dcode.com
2021-10-31 17:08:54,650 INFO scheduler Scheduled Job Start: frappe.email.queue.flush for dcode.com
2021-10-31 17:08:54,831 INFO scheduler Scheduled Job Complete: frappe.email.queue.flush for dcode.com
2021-10-31 17:09:52,413 DEBUG scheduler Queued events for site dcode.com
2021-10-31 17:10:52,627 DEBUG scheduler Queued events for site dcode.com
